[0.287s] Invoking command in '/home/eaguiraud/ros2_ws/src/vision_rpi_bot': PYTHONPATH=/home/eaguiraud/ros2_ws/build/vision_rpi_bot/prefix_override:/usr/lib/python3/dist-packages/colcon_core/task/python/colcon_distutils_commands:/home/eaguiraud/ros2_ws/install/vision_rpi_bot/lib/python3.8/site-packages:${PYTHONPATH} /usr/bin/python3 -W ignore:setup.py install is deprecated setup.py egg_info --egg-base ../../build/vision_rpi_bot build --build-base /home/eaguiraud/ros2_ws/build/vision_rpi_bot/build install --record /home/eaguiraud/ros2_ws/build/vision_rpi_bot/install.log --install-scripts $base/lib/vision_rpi_bot --single-version-externally-managed install_data
[0.381s] running egg_info
[0.381s] creating ../../build/vision_rpi_bot/vision_rpi_bot.egg-info
[0.381s] writing ../../build/vision_rpi_bot/vision_rpi_bot.egg-info/PKG-INFO
[0.381s] writing dependency_links to ../../build/vision_rpi_bot/vision_rpi_bot.egg-info/dependency_links.txt
[0.381s] writing entry points to ../../build/vision_rpi_bot/vision_rpi_bot.egg-info/entry_points.txt
[0.381s] writing requirements to ../../build/vision_rpi_bot/vision_rpi_bot.egg-info/requires.txt
[0.381s] writing top-level names to ../../build/vision_rpi_bot/vision_rpi_bot.egg-info/top_level.txt
[0.382s] writing manifest file '../../build/vision_rpi_bot/vision_rpi_bot.egg-info/SOURCES.txt'
[0.398s] reading manifest file '../../build/vision_rpi_bot/vision_rpi_bot.egg-info/SOURCES.txt'
[0.398s] writing manifest file '../../build/vision_rpi_bot/vision_rpi_bot.egg-info/SOURCES.txt'
[0.398s] running build
[0.398s] running build_py
[0.398s] creating /home/eaguiraud/ros2_ws/build/vision_rpi_bot/build
[0.398s] creating /home/eaguiraud/ros2_ws/build/vision_rpi_bot/build/lib
[0.398s] creating /home/eaguiraud/ros2_ws/build/vision_rpi_bot/build/lib/vision_rpi_bot
[0.398s] copying vision_rpi_bot/__init__.py -> /home/eaguiraud/ros2_ws/build/vision_rpi_bot/build/lib/vision_rpi_bot
[0.398s] running install
[0.399s] running install_lib
[0.399s] creating /home/eaguiraud/ros2_ws/install/vision_rpi_bot/lib/python3.8/site-packages/vision_rpi_bot
[0.399s] copying /home/eaguiraud/ros2_ws/build/vision_rpi_bot/build/lib/vision_rpi_bot/__init__.py -> /home/eaguiraud/ros2_ws/install/vision_rpi_bot/lib/python3.8/site-packages/vision_rpi_bot
[0.399s] byte-compiling /home/eaguiraud/ros2_ws/install/vision_rpi_bot/lib/python3.8/site-packages/vision_rpi_bot/__init__.py to __init__.cpython-38.pyc
[0.400s] running install_data
[0.400s] creating /home/eaguiraud/ros2_ws/install/vision_rpi_bot/share/ament_index
[0.400s] creating /home/eaguiraud/ros2_ws/install/vision_rpi_bot/share/ament_index/resource_index
[0.400s] creating /home/eaguiraud/ros2_ws/install/vision_rpi_bot/share/ament_index/resource_index/packages
[0.400s] copying resource/vision_rpi_bot -> /home/eaguiraud/ros2_ws/install/vision_rpi_bot/share/ament_index/resource_index/packages
[0.400s] copying package.xml -> /home/eaguiraud/ros2_ws/install/vision_rpi_bot/share/vision_rpi_bot
[0.400s] running install_egg_info
[0.400s] Copying ../../build/vision_rpi_bot/vision_rpi_bot.egg-info to /home/eaguiraud/ros2_ws/install/vision_rpi_bot/lib/python3.8/site-packages/vision_rpi_bot-0.0.0-py3.8.egg-info
[0.401s] running install_scripts
[0.409s] writing list of installed files to '/home/eaguiraud/ros2_ws/build/vision_rpi_bot/install.log'
[0.420s] Invoked command in '/home/eaguiraud/ros2_ws/src/vision_rpi_bot' returned '0': PYTHONPATH=/home/eaguiraud/ros2_ws/build/vision_rpi_bot/prefix_override:/usr/lib/python3/dist-packages/colcon_core/task/python/colcon_distutils_commands:/home/eaguiraud/ros2_ws/install/vision_rpi_bot/lib/python3.8/site-packages:${PYTHONPATH} /usr/bin/python3 -W ignore:setup.py install is deprecated setup.py egg_info --egg-base ../../build/vision_rpi_bot build --build-base /home/eaguiraud/ros2_ws/build/vision_rpi_bot/build install --record /home/eaguiraud/ros2_ws/build/vision_rpi_bot/install.log --install-scripts $base/lib/vision_rpi_bot --single-version-externally-managed install_data
